\BOOKMARK [0][-]{section*.1}{\376\377\000W\000e\000b\000\040\000S\000e\000r\000v\000i\000c\000e}{}% 1
\BOOKMARK [1][-]{subsection*.2}{\376\377\000I\000n\000t\000r\000o\000d\000u\000c\000t\000i\000o\000n}{section*.1}% 2
\BOOKMARK [1][-]{section*.3}{\376\377\000\040\000/\000v\0003\000/\000\040}{section*.1}% 3
\BOOKMARK [2][-]{subsection*.4}{\376\377\000R\000e\000s\000p\000o\000n\000s\000e\000s}{section*.3}% 4
\BOOKMARK [3][-]{subsubsection*.5}{\376\377\000\040\0002\0000\0000\000\040\000S\000u\000c\000c\000e\000s\000s\000\040}{subsection*.4}% 5
\BOOKMARK [1][-]{section*.6}{\376\377\000\040\000/\000v\0003\000/\000t\000r\000a\000c\000e\000K\000e\000y\000s\000\040}{section*.1}% 6
\BOOKMARK [2][-]{subsection*.7}{\376\377\000\040\000Q\000u\000e\000r\000y\000\040\000P\000a\000r\000a\000m\000e\000t\000e\000r\000s\000\040}{section*.6}% 7
\BOOKMARK [2][-]{subsection*.8}{\376\377\000R\000e\000s\000p\000o\000n\000s\000e\000s}{section*.6}% 8
\BOOKMARK [3][-]{subsubsection*.9}{\376\377\000\040\0002\0000\0000\000\040\000S\000u\000c\000c\000e\000s\000s\000\040}{subsection*.8}% 9
\BOOKMARK [3][-]{subsubsection*.10}{\376\377\000\040\0005\0000\0000\000\040\000I\000n\000t\000e\000r\000n\000a\000l\000\040\000S\000e\000r\000v\000e\000r\000\040\000E\000r\000r\000o\000r\000\040}{subsection*.8}% 10
\BOOKMARK [1][-]{section*.11}{\376\377\000\040\000/\000v\0003\000/\000r\000e\000g\000i\000s\000t\000e\000r\000\040}{section*.1}% 11
\BOOKMARK [2][-]{subsection*.12}{\376\377\000\040\000R\000e\000q\000u\000e\000s\000t\000\040\000B\000o\000d\000y\000\040}{section*.11}% 12
\BOOKMARK [2][-]{subsection*.13}{\376\377\000R\000e\000s\000p\000o\000n\000s\000e\000s}{section*.11}% 13
\BOOKMARK [3][-]{subsubsection*.14}{\376\377\000\040\0002\0000\0000\000\040\000S\000u\000c\000c\000e\000s\000s\000\040}{subsection*.13}% 14
\BOOKMARK [3][-]{subsubsection*.15}{\376\377\000\040\0004\0000\0000\000\040\000B\000a\000d\000\040\000R\000e\000q\000u\000e\000s\000t\000\040}{subsection*.13}% 15
\BOOKMARK [1][-]{section*.16}{\376\377\000\040\000/\000v\0003\000/\000u\000s\000e\000r\000u\000p\000l\000o\000a\000d\000\040}{section*.1}% 16
\BOOKMARK [2][-]{subsection*.17}{\376\377\000\040\000R\000e\000q\000u\000e\000s\000t\000\040\000H\000e\000a\000d\000e\000r\000s\000\040}{section*.16}% 17
\BOOKMARK [2][-]{subsection*.18}{\376\377\000\040\000R\000e\000q\000u\000e\000s\000t\000\040\000B\000o\000d\000y\000\040}{section*.16}% 18
\BOOKMARK [2][-]{subsection*.19}{\376\377\000R\000e\000s\000p\000o\000n\000s\000e\000s}{section*.16}% 19
\BOOKMARK [3][-]{subsubsection*.20}{\376\377\000\040\0002\0000\0000\000\040\000S\000u\000c\000c\000e\000s\000s\000\040}{subsection*.19}% 20
\BOOKMARK [3][-]{subsubsection*.21}{\376\377\000\040\0004\0000\0000\000\040\000B\000a\000d\000\040\000R\000e\000q\000u\000e\000s\000t\000\040}{subsection*.19}% 21
\BOOKMARK [3][-]{subsubsection*.22}{\376\377\000\040\0004\0000\0003\000\040\000F\000o\000r\000b\000i\000d\000d\000e\000n\000\040}{subsection*.19}% 22
\BOOKMARK [0][-]{section*.23}{\376\377\000M\000o\000d\000e\000l\000s}{}% 23
